<?xml version="1.0" encoding="UTF-8"?>
<!-- Generated by org.testng.reporters.JUnitXMLReporter -->
<testsuite hostname="MEHA-LAPPY" ignored="0" name="Command line test" tests="8" failures="0" timestamp="08 Jan 2018 10:28:00 GMT" time="0.274" errors="0">
  <testcase name="testapp" time="0.028" classname="mavenFramework.AppiumTest"/>
  <testcase name="testmobile" time="0.011" classname="mavenFramework.AppiumTest"/>
  <testcase name="Jira" time="0.001" classname="mavenFramework.AppTest"/>
  <testcase name="deletejira" time="0.001" classname="mavenFramework.AppTest"/>
  <testcase name="folderopen" time="0.001" classname="mavenFramework.MobileTest"/>
  <testcase name="keypadtesting" time="0.0" classname="mavenFramework.MobileTest"/>
  <testcase name="browserInvocation" time="0.002" classname="mavenFramework.SeleniumTest"/>
  <testcase name="elementsui" time="0.001" classname="mavenFramework.SeleniumTest"/>
</testsuite> <!-- Command line test -->
