<?xml version="1.0" encoding="UTF-8"?>
<!-- Generated by org.testng.reporters.JUnitXMLReporter -->
<testsuite hostname="MEHA-LAPPY" ignored="0" name="Test" tests="6" failures="0" timestamp="06 Feb 2018 11:11:53 GMT" time="0.274" errors="0">
  <testcase name="Jira" time="0.051" classname="mavenFramework.AppTest"/>
  <testcase name="deletejira" time="0.001" classname="mavenFramework.AppTest"/>
  <testcase name="folderopen" time="0.002" classname="mavenFramework.MobileTest"/>
  <testcase name="keypadtesting" time="0.002" classname="mavenFramework.MobileTest"/>
  <testcase name="browserInvocation" time="0.001" classname="mavenFramework.SeleniumTest"/>
  <testcase name="elementsui" time="0.005" classname="mavenFramework.SeleniumTest"/>
</testsuite> <!-- Test -->
